0 info it worked if it ends with ok
1 verbose cli [ 'node',
1 verbose cli   '/JEE/node-v0.12.0-darwin-x64/bin/npm',
1 verbose cli   '-S',
1 verbose cli   'install',
1 verbose cli   'underscore' ]
2 info using npm@2.7.1
3 info using node@v0.12.0
4 warn package.json webui@0.0.0 No description
5 warn package.json webui@0.0.0 No repository field.
6 warn package.json webui@0.0.0 No README data
7 warn package.json react-link-state@0.1.1 No repository field.
8 silly cache add args [ 'underscore', null ]
9 verbose cache add spec underscore
10 silly cache add parsed spec { raw: 'underscore',
10 silly cache add   scope: null,
10 silly cache add   name: 'underscore',
10 silly cache add   rawSpec: '',
10 silly cache add   spec: '*',
10 silly cache add   type: 'range' }
11 verbose addNamed underscore@*
12 silly addNamed semver.valid null
13 silly addNamed semver.validRange *
14 silly addNameRange { name: 'underscore', range: '*', hasData: false }
15 silly mapToRegistry name underscore
16 silly mapToRegistry using default registry
17 silly mapToRegistry registry https://registry.npmjs.org/
18 silly mapToRegistry uri https://registry.npmjs.org/underscore
19 verbose addNameRange registry:https://registry.npmjs.org/underscore not in flight; fetching
20 verbose request uri https://registry.npmjs.org/underscore
21 verbose request no auth needed
22 info attempt registry request try #1 at 12:54:02 AM
23 verbose request id 9db4d6e3f93f6dfa
24 verbose etag "4EJ0EDUQIC0UEJA256PR5OPR5"
25 http request GET https://registry.npmjs.org/underscore
26 http 304 https://registry.npmjs.org/underscore
27 silly get cb [ 304,
27 silly get   { date: 'Tue, 29 Mar 2016 16:54:03 GMT',
27 silly get     via: '1.1 varnish',
27 silly get     'cache-control': 'max-age=300',
27 silly get     etag: '"4EJ0EDUQIC0UEJA256PR5OPR5"',
27 silly get     age: '298',
27 silly get     connection: 'keep-alive',
27 silly get     'x-served-by': 'cache-jfk1023-JFK',
27 silly get     'x-cache': 'HIT',
27 silly get     'x-cache-hits': '18',
27 silly get     'x-timer': 'S1459270443.985127,VS0,VE0',
27 silly get     vary: 'Accept' } ]
28 verbose etag https://registry.npmjs.org/underscore from cache
29 verbose get saving underscore to /Users/brew/.npm/registry.npmjs.org/underscore/.cache.json
30 silly addNameRange number 2 { name: 'underscore', range: '*', hasData: true }
31 silly addNameRange versions [ 'underscore',
31 silly addNameRange   [ '1.0.3',
31 silly addNameRange     '1.0.4',
31 silly addNameRange     '1.1.0',
31 silly addNameRange     '1.1.1',
31 silly addNameRange     '1.1.2',
31 silly addNameRange     '1.1.3',
31 silly addNameRange     '1.1.4',
31 silly addNameRange     '1.1.5',
31 silly addNameRange     '1.1.6',
31 silly addNameRange     '1.1.7',
31 silly addNameRange     '1.2.0',
31 silly addNameRange     '1.2.1',
31 silly addNameRange     '1.2.2',
31 silly addNameRange     '1.2.3',
31 silly addNameRange     '1.2.4',
31 silly addNameRange     '1.3.0',
31 silly addNameRange     '1.3.1',
31 silly addNameRange     '1.3.2',
31 silly addNameRange     '1.3.3',
31 silly addNameRange     '1.4.0',
31 silly addNameRange     '1.4.1',
31 silly addNameRange     '1.4.2',
31 silly addNameRange     '1.4.3',
31 silly addNameRange     '1.4.4',
31 silly addNameRange     '1.5.0',
31 silly addNameRange     '1.5.1',
31 silly addNameRange     '1.5.2',
31 silly addNameRange     '1.6.0',
31 silly addNameRange     '1.7.0',
31 silly addNameRange     '1.8.0',
31 silly addNameRange     '1.8.1',
31 silly addNameRange     '1.8.2',
31 silly addNameRange     '1.8.3' ] ]
32 verbose addNamed underscore@1.8.3
33 silly addNamed semver.valid 1.8.3
34 silly addNamed semver.validRange 1.8.3
35 silly cache afterAdd underscore@1.8.3
36 verbose afterAdd /Users/brew/.npm/underscore/1.8.3/package/package.json not in flight; writing
37 verbose afterAdd /Users/brew/.npm/underscore/1.8.3/package/package.json written
38 silly install resolved [ { name: 'underscore',
38 silly install resolved     description: 'JavaScript\'s functional programming helper library.',
38 silly install resolved     homepage: 'http://underscorejs.org',
38 silly install resolved     keywords: [ 'util', 'functional', 'server', 'client', 'browser' ],
38 silly install resolved     author: { name: 'Jeremy Ashkenas', email: 'jeremy@documentcloud.org' },
38 silly install resolved     repository:
38 silly install resolved      { type: 'git',
38 silly install resolved        url: 'git://github.com/jashkenas/underscore.git' },
38 silly install resolved     main: 'underscore.js',
38 silly install resolved     version: '1.8.3',
38 silly install resolved     devDependencies:
38 silly install resolved      { docco: '*',
38 silly install resolved        eslint: '0.6.x',
38 silly install resolved        karma: '~0.12.31',
38 silly install resolved        'karma-qunit': '~0.1.4',
38 silly install resolved        'qunit-cli': '~0.2.0',
38 silly install resolved        'uglify-js': '2.4.x' },
38 silly install resolved     scripts:
38 silly install resolved      { test: 'npm run test-node && npm run lint',
38 silly install resolved        lint: 'eslint underscore.js test/*.js',
38 silly install resolved        'test-node': 'qunit-cli test/*.js',
38 silly install resolved        'test-browser': 'npm i karma-phantomjs-launcher && ./node_modules/karma/bin/karma start',
38 silly install resolved        build: 'uglifyjs underscore.js -c "evaluate=false" --comments "/    .*/" -m --source-map underscore-min.map -o underscore-min.js',
38 silly install resolved        doc: 'docco underscore.js' },
38 silly install resolved     license: 'MIT',
38 silly install resolved     files:
38 silly install resolved      [ 'underscore.js',
38 silly install resolved        'underscore-min.js',
38 silly install resolved        'underscore-min.map',
38 silly install resolved        'LICENSE' ],
38 silly install resolved     gitHead: 'e4743ab712b8ab42ad4ccb48b155034d02394e4d',
38 silly install resolved     bugs: { url: 'https://github.com/jashkenas/underscore/issues' },
38 silly install resolved     _id: 'underscore@1.8.3',
38 silly install resolved     _shasum: '4f3fb53b106e6097fcf9cb4109f2a5e9bdfa5022',
38 silly install resolved     _from: 'underscore@*',
38 silly install resolved     _npmVersion: '1.4.28',
38 silly install resolved     _npmUser: { name: 'jashkenas', email: 'jashkenas@gmail.com' },
38 silly install resolved     maintainers: [ [Object] ],
38 silly install resolved     dist:
38 silly install resolved      { shasum: '4f3fb53b106e6097fcf9cb4109f2a5e9bdfa5022',
38 silly install resolved        tarball: 'http://registry.npmjs.org/underscore/-/underscore-1.8.3.tgz' },
38 silly install resolved     directories: {},
38 silly install resolved     _resolved: 'https://registry.npmjs.org/underscore/-/underscore-1.8.3.tgz',
38 silly install resolved     readme: 'ERROR: No README data found!' } ]
39 info install underscore@1.8.3 into /Users/brew/Documents/ming/cgame/webui
40 info installOne underscore@1.8.3
41 verbose installOne of underscore to /Users/brew/Documents/ming/cgame/webui not in flight; installing
42 verbose lock using /Users/brew/.npm/_locks/underscore-643be7369a0672f2.lock for /Users/brew/Documents/ming/cgame/webui/node_modules/underscore
43 silly install write writing underscore 1.8.3 to /Users/brew/Documents/ming/cgame/webui/node_modules/underscore
44 silly cache addNamed cb underscore@1.8.3
45 verbose unbuild node_modules/underscore
46 info preuninstall underscore@1.8.3
47 info uninstall underscore@1.8.3
48 verbose unbuild rmStuff underscore@1.8.3 from /Users/brew/Documents/ming/cgame/webui/node_modules
49 info postuninstall underscore@1.8.3
50 verbose gentlyRm vacuuming /Users/brew/Documents/ming/cgame/webui/node_modules/underscore
51 silly gentlyRm purging /Users/brew/Documents/ming/cgame/webui/node_modules/underscore
52 silly gentlyRm quitting because other entries in /Users/brew/Documents/ming/cgame/webui/node_modules
53 verbose tar unpack /Users/brew/.npm/underscore/1.8.3/package.tgz
54 verbose tar unpacking to /Users/brew/Documents/ming/cgame/webui/node_modules/underscore
55 verbose gentlyRm vacuuming /Users/brew/Documents/ming/cgame/webui/node_modules/underscore
56 silly gunzTarPerm modes [ '755', '644' ]
57 silly gunzTarPerm extractEntry package.json
58 silly gunzTarPerm extractEntry README.md
59 silly gunzTarPerm extractEntry LICENSE
60 silly gunzTarPerm extractEntry underscore.js
61 silly gunzTarPerm extractEntry underscore-min.js
62 silly gunzTarPerm extractEntry underscore-min.map
63 info preinstall underscore@1.8.3
64 silly install resolved []
65 verbose about to build /Users/brew/Documents/ming/cgame/webui/node_modules/underscore
66 info build /Users/brew/Documents/ming/cgame/webui/node_modules/underscore
67 verbose linkStuff [ false,
67 verbose linkStuff   false,
67 verbose linkStuff   false,
67 verbose linkStuff   '/Users/brew/Documents/ming/cgame/webui/node_modules' ]
68 info linkStuff underscore@1.8.3
69 verbose linkBins underscore@1.8.3
70 verbose linkMans underscore@1.8.3
71 verbose rebuildBundles underscore@1.8.3
72 info install underscore@1.8.3
73 info postinstall underscore@1.8.3
74 verbose unlock done using /Users/brew/.npm/_locks/underscore-643be7369a0672f2.lock for /Users/brew/Documents/ming/cgame/webui/node_modules/underscore
75 verbose stack Error: The package react does not satisfy its siblings' peerDependencies requirements!
75 verbose stack     at /JEE/node-v0.12.0-darwin-x64/lib/node_modules/npm/lib/install.js:125:32
75 verbose stack     at /JEE/node-v0.12.0-darwin-x64/lib/node_modules/npm/lib/install.js:264:7
75 verbose stack     at /JEE/node-v0.12.0-darwin-x64/lib/node_modules/npm/node_modules/read-installed/read-installed.js:138:5
75 verbose stack     at /JEE/node-v0.12.0-darwin-x64/lib/node_modules/npm/node_modules/read-installed/read-installed.js:251:14
75 verbose stack     at cb (/JEE/node-v0.12.0-darwin-x64/lib/node_modules/npm/node_modules/slide/lib/async-map.js:47:24)
75 verbose stack     at /JEE/node-v0.12.0-darwin-x64/lib/node_modules/npm/node_modules/read-installed/read-installed.js:251:14
75 verbose stack     at cb (/JEE/node-v0.12.0-darwin-x64/lib/node_modules/npm/node_modules/slide/lib/async-map.js:47:24)
75 verbose stack     at /JEE/node-v0.12.0-darwin-x64/lib/node_modules/npm/node_modules/read-installed/read-installed.js:251:14
75 verbose stack     at cb (/JEE/node-v0.12.0-darwin-x64/lib/node_modules/npm/node_modules/slide/lib/async-map.js:47:24)
75 verbose stack     at /JEE/node-v0.12.0-darwin-x64/lib/node_modules/npm/node_modules/read-installed/read-installed.js:251:14
76 verbose cwd /Users/brew/Documents/ming/cgame/webui
77 error Darwin 15.4.0
78 error argv "node" "/JEE/node-v0.12.0-darwin-x64/bin/npm" "-S" "install" "underscore"
79 error node v0.12.0
80 error npm  v2.7.1
81 error code EPEERINVALID
82 error peerinvalid The package react does not satisfy its siblings' peerDependencies requirements!
82 error peerinvalid Peer react-addons-css-transition-group@0.14.7 wants react@^0.14.7
82 error peerinvalid Peer react-dom@0.14.7 wants react@^0.14.7
82 error peerinvalid Peer react-addons-pure-render-mixin@0.14.7 wants react@^0.14.7
82 error peerinvalid Peer react-fontawesome@0.3.3 wants react@>=0.12.0
82 error peerinvalid Peer halogen@0.1.10 wants react@>=0.12.0
82 error peerinvalid Peer react-motion@0.4.2 wants react@>=0.13.2 || ^0.14
82 error peerinvalid Peer recompose@0.15.0 wants react@^0.14.0
82 error peerinvalid Peer rrouter@0.4.2 wants react@0.10.0 - 0.11.x
82 error peerinvalid Peer react-swipeable-views@0.4.0 wants react@^0.14.0
82 error peerinvalid Peer material-ui@0.14.4 wants react@^0.14.0
82 error peerinvalid Peer react-refetch@0.7.0-beta.2 wants react@^0.14.0
82 error peerinvalid Peer react-tap-event-plugin@0.2.2 wants react@^0.14.0
83 verbose exit [ 1, true ]
